Remove Pin=J6-1 From Net=24V-A
Remove Pin=J6-2 From Net=24V-B
Remove Pin=J6-3 From Net=24V-UI
Remove Pin=J6-4 From Net=EVC
Remove Pin=J6-5 From Net=WKUP
Remove Pin=J6-11 From Net=PTA
Remove Pin=J6-12 From Net=PTB
Remove Pin=J6-13 From Net=24V-B
Remove Pin=J6-14 From Net=AUX
Remove Pin=J6-17 From Net=PSL
Remove Pin=J6-18 From Net=ZSC
Remove Pin=J6-19 From Net=ZSA
Remove Pin=J6-20 From Net=SMP
Remove Pin=J6-21 From Net=SMM
Remove Pin=J6-22 From Net=PSH
Remove Pin=J6-26 From Net=RS485-A
Remove Pin=J6-28 From Net=RS485-B
Remove Pin=J7-1 From Net=24V-UI
Remove Pin=J7-2 From Net=PSH
Remove Pin=J7-3 From Net=24V-UI
Remove Pin=J7-4 From Net=PSL
Remove Pin=J7-5 From Net=24V-UI
Remove Pin=J7-6 From Net=SMM
Remove Pin=J7-7 From Net=24V-UI
Remove Pin=J7-8 From Net=SMP
Remove Pin=J7-9 From Net=24V-UI
Remove Pin=J7-10 From Net=ZSA
Remove Pin=J8-1 From Net=24V-UI
Remove Pin=J8-2 From Net=ZSC
Remove Pin=J8-3 From Net=24V-UI
Remove Pin=J8-4 From Net=AUX
Remove Pin=J8-5 From Net=24V-B
Remove Pin=J8-6 From Net=PTB
Remove Pin=J8-7 From Net=24V-A
Remove Pin=J8-8 From Net=PTA
Remove Pin=J8-9 From Net=EVC
Remove Pin=J8-10 From Net=GND
Remove Pin=J9-1 From Net=WKUP
Remove Pin=J9-4 From Net=RS485-A
Remove Pin=J9-5 From Net=RS485-B
